<?xml version="1.0" encoding="UTF-8"?>
<!-- Generated by org.testng.reporters.JUnitReportReporter -->
<testsuite hostname="DESKTOP-UENSRFT" failures="1" tests="4" name="CucumberOptions.TestNGTestRunner" time="96.515" errors="0" timestamp="2022-07-10T21:38:29 IST" skipped="0">
  <testcase classname="CucumberOptions.TestNGTestRunner" name="runScenario" time="25.475"/>
  <system-out/>
  <testcase classname="CucumberOptions.TestNGTestRunner" name="runScenario" time="25.123"/>
  <system-out/>
  <testcase classname="CucumberOptions.TestNGTestRunner" name="runScenario" time="24.847">
    <failure message="expected [Beetroot] but found [No data]" type="java.lang.AssertionError">
      <![CDATA[java.lang.AssertionError: expected [Beetroot] but found [No data]
at org.testng.Assert.fail(Assert.java:110)
at org.testng.Assert.failNotEquals(Assert.java:1413)
at org.testng.Assert.assertEqualsImpl(Assert.java:149)
at org.testng.Assert.assertEquals(Assert.java:131)
at org.testng.Assert.assertEquals(Assert.java:655)
at org.testng.Assert.assertEquals(Assert.java:665)
at stepDefinitions.OfferPageStepDefinition.validate_product_name_in_offers_page_matches_with_Landing_Page(OfferPageStepDefinition.java:49)
at ✽.validate product name in offers page matches with Landing Page(file:///C:/Users/Srisankari/Cucumber-Workspace/CucumberFramework/src/test/java/features/searchProduct.feature:7)
]]>
    </failure>
  </testcase> <!-- runScenario -->
  <system-out/>
  <testcase classname="CucumberOptions.TestNGTestRunner" name="runScenario" time="21.070"/>
  <system-out/>
</testsuite> <!-- CucumberOptions.TestNGTestRunner -->
